<?xml version="1.0" encoding="UTF-8"?>
<testsuite name="reflection.ReflectionTest" tests="1" skipped="0" failures="0" errors="0" timestamp="2022-01-30T04:48:05" hostname="LAPTOP-4PVT6PA1" time="106.202">
  <properties/>
  <testcase name="givenObject_whenGetsFieldNamesAtRuntime_thenCorrect()" classname="reflection.ReflectionTest" time="106.202"/>
  <system-out><![CDATA[]]></system-out>
  <system-err><![CDATA[]]></system-err>
</testsuite>
